[INFO] 2024-04-30 17:20:21,455 server.py:73: Edit config: {"server_port":8080,"aiconfig_path":"roast_my_code.aiconfig.json","log_level":"INFO","server_mode":"PROD","parsers_module_path":"aiconfig_model_registry.py","env_file_path":null}
[INFO] 2024-04-30 17:20:21,455 server.py:74: Starting server on http://localhost:8080
[INFO] 2024-04-30 17:20:21,455 server.py:80: Opening browser at http://localhost:8080
[INFO] 2024-04-30 17:20:21,559 server_utils.py:298: Initializing server state for 'edit' command
[WARNING] 2024-04-30 17:20:21,560 server_utils.py:280: Failed to load parsers module: File does not exist: /Users/jackyli/Projects/ai-roast-my-code/aiconfig_model_registry.py
[WARNING] 2024-04-30 17:20:21,560 server_utils.py:308: No .env file path provided: 'None'
[INFO] 2024-04-30 17:20:21,560 server_utils.py:338: Creating new AIConfig at roast_my_code.aiconfig.json
[INFO] 2024-04-30 17:20:21,561 server_utils.py:352: Created new AIConfig
[INFO] 2024-04-30 17:20:21,561 server_utils.py:356: Saved new AIConfig to roast_my_code.aiconfig.json (aiconfig path field: roast_my_code.aiconfig.json)
[INFO] 2024-04-30 17:20:21,561 server.py:100: Initialized server state
[INFO] 2024-04-30 17:20:21,561 server.py:105: Running in ServerMode.PROD mode
[INFO] 2024-04-30 17:29:39,208 server.py:73: Edit config: {"server_port":8080,"aiconfig_path":"aiconfigs/roast_my_code.aiconfig.json","log_level":"INFO","server_mode":"PROD","parsers_module_path":"aiconfig_model_registry.py","env_file_path":null}
[INFO] 2024-04-30 17:29:39,209 server.py:74: Starting server on http://localhost:8080
[INFO] 2024-04-30 17:29:39,209 server.py:80: Opening browser at http://localhost:8080
[INFO] 2024-04-30 17:29:39,288 server_utils.py:298: Initializing server state for 'edit' command
[WARNING] 2024-04-30 17:29:39,288 server_utils.py:280: Failed to load parsers module: File does not exist: /Users/jackyli/Projects/ai-roast-my-code/aiconfig_model_registry.py
[WARNING] 2024-04-30 17:29:39,288 server_utils.py:308: No .env file path provided: 'None'
[INFO] 2024-04-30 17:29:39,288 server_utils.py:320: Loading AIConfig from aiconfigs/roast_my_code.aiconfig.json
[INFO] 2024-04-30 17:29:39,289 server_utils.py:326: Loaded AIConfig from aiconfigs/roast_my_code.aiconfig.json
[INFO] 2024-04-30 17:29:39,289 server.py:100: Initialized server state
[INFO] 2024-04-30 17:29:39,289 server.py:105: Running in ServerMode.PROD mode
[INFO] 2024-04-30 18:27:23,840 server.py:73: Edit config: {"server_port":8080,"aiconfig_path":"app/aiconfigs/roast_my_code.aiconfig.json","log_level":"INFO","server_mode":"PROD","parsers_module_path":"aiconfig_model_registry.py","env_file_path":null}
[INFO] 2024-04-30 18:27:23,840 server.py:74: Starting server on http://localhost:8080
[INFO] 2024-04-30 18:27:23,840 server.py:80: Opening browser at http://localhost:8080
[INFO] 2024-04-30 18:27:23,936 server_utils.py:298: Initializing server state for 'edit' command
[WARNING] 2024-04-30 18:27:23,936 server_utils.py:280: Failed to load parsers module: File does not exist: /Users/jackyli/Projects/ai-roast-my-code/aiconfig_model_registry.py
[WARNING] 2024-04-30 18:27:23,936 server_utils.py:308: No .env file path provided: 'None'
[INFO] 2024-04-30 18:27:23,936 server_utils.py:320: Loading AIConfig from app/aiconfigs/roast_my_code.aiconfig.json
[INFO] 2024-04-30 18:27:23,937 server_utils.py:326: Loaded AIConfig from app/aiconfigs/roast_my_code.aiconfig.json
[INFO] 2024-04-30 18:27:23,937 server.py:100: Initialized server state
[INFO] 2024-04-30 18:27:23,937 server.py:105: Running in ServerMode.PROD mode
